<?xml version="1.0" encoding="UTF-8"?>
<!-- Generated by org.testng.reporters.JUnitReportReporter -->
<testsuite skipped="0" hostname="ATMECSINLT-084" name="com.HappyEsayGo.TestScript.HEGHSite1$HappyEasy" tests="1" failures="0" timestamp="03 Sep 2019 07:56:40 GMT" time="12.200" errors="0">
  <testcase name="Url" time="12.200" classname="com.HappyEsayGo.TestScript.HEGHSite1$HappyEasy"/>
</testsuite> <!-- com.HappyEsayGo.TestScript.HEGHSite1$HappyEasy -->
