<?xml version="1.0" encoding="UTF-8"?>
<!-- Generated by org.testng.reporters.JUnitReportReporter -->
<testsuite skipped="0" hostname="ATMECSINLT-084" name="com.HappyEsayGo.TestScript.HappyEasyGoSiteThree" tests="2" failures="0" timestamp="30 Aug 2019 08:36:07 GMT" time="23.703" errors="0">
  <testcase name="url" time="4.959" classname="com.HappyEsayGo.TestScript.HappyEasyGoSiteThree"/>
  <testcase name="GoDown" time="18.744" classname="com.HappyEsayGo.TestScript.HappyEasyGoSiteThree"/>
</testsuite> <!-- com.HappyEsayGo.TestScript.HappyEasyGoSiteThree -->
