<?xml version="1.0" encoding="UTF-8"?>
<!-- Generated by org.testng.reporters.JUnitReportReporter -->
<testsuite skipped="0" hostname="ATMECSINLT-084" name="com.HappyEsayGo.TestScript.HETGSearchList" tests="8" failures="0" timestamp="30 Aug 2019 10:07:22 GMT" time="46.679" errors="0">
  <testcase name="Url" time="7.493" classname="com.HappyEsayGo.TestScript.HETGSearchList"/>
  <testcase name="ClickingFlight" time="2.430" classname="com.HappyEsayGo.TestScript.HETGSearchList"/>
  <testcase name="UnderFlight" time="4.495" classname="com.HappyEsayGo.TestScript.HETGSearchList"/>
  <testcase name="SourceCity" time="1.511" classname="com.HappyEsayGo.TestScript.HETGSearchList"/>
  <testcase name="DestinationCity" time="2.872" classname="com.HappyEsayGo.TestScript.HETGSearchList"/>
  <testcase name="CalenderSelect" time="7.177" classname="com.HappyEsayGo.TestScript.HETGSearchList"/>
  <testcase name="SelectNoOfpass" time="5.466" classname="com.HappyEsayGo.TestScript.HETGSearchList"/>
  <testcase name="Stopcheckbox" time="15.235" classname="com.HappyEsayGo.TestScript.HETGSearchList"/>
</testsuite> <!-- com.HappyEsayGo.TestScript.HETGSearchList -->
