<?xml version="1.0" encoding="UTF-8"?>
<!-- Generated by org.testng.reporters.JUnitReportReporter -->
<testsuite skipped="0" hostname="ATMECSINLT-084" name="com.HappyEsayGo.TestScript.HEGHSite1" tests="1" failures="0" timestamp="03 Sep 2019 14:28:47 GMT" time="13.278" errors="0">
  <testcase name="Url" time="13.278" classname="com.HappyEsayGo.TestScript.HEGHSite1"/>
</testsuite> <!-- com.HappyEsayGo.TestScript.HEGHSite1 -->
