<?xml version="1.0" encoding="UTF-8"?>
<!-- Generated by org.testng.reporters.JUnitReportReporter -->
<testsuite skipped="0" hostname="ATMECSINLT-084" name="com.HappyEsayGo.TestScript.heee" tests="1" failures="0" timestamp="03 Sep 2019 10:35:56 GMT" time="17.750" errors="0">
  <testcase name="ByVisibleElement" time="17.750" classname="com.HappyEsayGo.TestScript.heee"/>
</testsuite> <!-- com.HappyEsayGo.TestScript.heee -->
